Arguments: 
  C:\Program Files\nodejs\node.exe C:\Program Files (x86)\Yarn\bin\yarn.js add recursive-readddir

PATH: 
  C:\Python38\Scripts\;C:\Python38\;C:\Python36\Scripts\;C:\Python36\;C:\Program Files (x86)\Intel\Intel(R) Management Engine Components\iCLS\;C:\Program Files\Intel\Intel(R) Management Engine Components\iCLS\;C:\Windows\system32;C:\Windows;C:\Windows\System32\Wbem;C:\Windows\System32\WindowsPowerShell\v1.0\;C:\Windows\System32\OpenSSH\;C:\Program Files (x86)\Intel\Intel(R) Management Engine Components\DAL;C:\Program Files\Intel\Intel(R) Management Engine Components\DAL;C:\Program Files (x86)\NVIDIA Corporation\PhysX\Common;C:\HashiCorp\Vagrant\bin;C:\Users\mukun\AppData\Local\Microsoft\WindowsApps;C:\Src\flutter\bin;C:\adb;C:\Go\bin;C:\WINDOWS\system32;C:\WINDOWS;C:\WINDOWS\System32\Wbem;C:\WINDOWS\System32\WindowsPowerShell\v1.0\;C:\WINDOWS\System32\OpenSSH\;C:\Program Files\erl10.1\bin;C:\Program Files (x86)\Elixir\bin;C:\Users\mukun\.mix\escripts;C:\ProgramData\chocolatey\bin;C:\Program Files\OpenJDK\openjdk-11.0.7_10\bin;C:\Program Files\Git\cmd;C:\Program Files\nodejs\;C:\ProgramData\nvm;C:\Program Files\nodejs;;C:\Program Files\Docker\Docker\resources\bin;C:\ProgramData\DockerDesktop\version-bin;C:\Program Files (x86)\Yarn\bin\;C:\Users\mukun\go\bin;C:\Users\mukun\AppData\Local\GitHubDesktop\bin;C:\Users\mukun\AppData\Local\atom\bin;C:\Users\mukun\projects\lib\apache-maven-3.6.3-bin\apache-maven-3.6.3\bin;C:\Users\mukun\projects\lib\apache-maven-3.6.3-bin\apache-maven-3.6.3\bin;C:\tools\mysql\current\bin;C:\Users\mukun\AppData\Local\Programs\Microsoft VS Code\bin;C:\Users\mukun\AppData\Local\Programs\Microsoft VS Code Insiders\bin;C:\Users\mukun\AppData\Local\Google\Cloud SDK\google-cloud-sdk\bin;C:\Ruby26-x64\bin;C:\Users\mukun\AppData\Roaming\npm;C:\Users\mukun\scoop\shims;C:\Users\mukun\tools\apache-ant-1.9.15\bin;C:\Users\mukun\tools\ringojs-2.0.0\bin;C:\Users\mukun\OneDrive\Documents\GitHub\owljs\bin;C:\Program Files (x86)\mingw-w64\i686-8.1.0-posix-dwarf-rt_v6-rev0\mingw32\bin;C:\Users\mukun\AppData\Local\Yarn\bin

Yarn version: 
  1.22.5

Node version: 
  14.15.3

Platform: 
  win32 x64

Trace: 
  Error: https://registry.yarnpkg.com/recursive-readddir: Not found
      at Request.params.callback [as _callback] (C:\Program Files (x86)\Yarn\lib\cli.js:66097:18)
      at Request.self.callback (C:\Program Files (x86)\Yarn\lib\cli.js:140749:22)
      at Request.emit (events.js:315:20)
      at Request.<anonymous> (C:\Program Files (x86)\Yarn\lib\cli.js:141721:10)
      at Request.emit (events.js:315:20)
      at IncomingMessage.<anonymous> (C:\Program Files (x86)\Yarn\lib\cli.js:141643:12)
      at Object.onceWrapper (events.js:421:28)
      at IncomingMessage.emit (events.js:327:22)
      at endReadableNT (internal/streams/readable.js:1327:12)
      at processTicksAndRejections (internal/process/task_queues.js:80:21)

npm manifest: 
  {
    "name": "open-fhirpak",
    "version": "0.1.0",
    "description": "OCA CVC Immunization bundle CLI for FHIR r4",
    "main": "index.js",
    "repository": "https://github.com/SemanticClarity/open-fhirpak",
    "author": "Mukundan Parthasarathy",
    "license": "Apache 2.0",
    "dependencies": {
      "fhir": "^4.7.11",
      "fhirpath": "^2.7.1",
      "fhirpath.js": "^0.0.6",
      "handlebars": "^4.7.6",
      "handlebars-helpers-fhir": "^0.0.8",
      "hashlink": "^0.12.1"
    }
  }

yarn manifest: 
  No manifest

Lockfile: 
  # THIS IS AN AUTOGENERATED FILE. DO NOT EDIT THIS FILE DIRECTLY.
  # yarn lockfile v1
  
  
  "@lhncbc/ucum-lhc@^4.1.3":
    version "4.1.3"
    resolved "https://registry.yarnpkg.com/@lhncbc/ucum-lhc/-/ucum-lhc-4.1.3.tgz#cc76e277753cfc5e30497ef6e76c9d75df4702ba"
    integrity sha512-F49BJBDr5lE+AkbyJVRE4b/cog3mP5xK+SlxSyztUk2Wzak5bX5vydQhdCmyRZupgtDQlFAvEr7TmIuUmNHH8g==
    dependencies:
      csv-parse "^4.4.6"
      csv-stringify "^1.0.4"
      escape-html "^1.0.3"
      grunt-extract-sourcemap "^0.1.19"
      is-integer "^1.0.6"
      jsonfile "^2.2.3"
      stream "0.0.2"
      stream-transform "^0.1.1"
      string-to-stream "^1.1.0"
      xmldoc "^0.4.0"
  
  "@trust/keyto@^0.3.4":
    version "0.3.7"
    resolved "https://registry.yarnpkg.com/@trust/keyto/-/keyto-0.3.7.tgz#e251264e302a7a6be64a3e208dacb2ef6268c946"
    integrity sha512-t5kWWCTkPgg24JWVuCTPMx7l13F7YHdxBeJkT1vmoHjROgiOIEAN8eeY+iRmP1Hwsx+S7U55HyuqSsECr08a8A==
    dependencies:
      asn1.js "^5.0.1"
      base64url "^3.0.1"
      elliptic "^6.4.1"
  
  "@trust/webcrypto@^0.9.2":
    version "0.9.2"
    resolved "https://registry.yarnpkg.com/@trust/webcrypto/-/webcrypto-0.9.2.tgz#c699d4c026a4446b04faa54d5389a81888ba713c"
    integrity sha512-5iMAVcGYKhqLJGjefB1nzuQSqUJTru0nG4CytpBT/GGp1Piz/MVnj2jORdYf4JBYzggCIa8WZUr2rchP2Ngn/w==
    dependencies:
      "@trust/keyto" "^0.3.4"
      base64url "^3.0.0"
      elliptic "^6.4.0"
      node-rsa "^0.4.0"
      text-encoding "^0.6.1"
  
  antlr4@^4.7.1:
    version "4.9.0"
    resolved "https://registry.yarnpkg.com/antlr4/-/antlr4-4.9.0.tgz#ee779d69acc702f5d836d5d02a51c7798f44e523"
    integrity sha512-TAS2RfNblx/wlfy/h0YNaBSC1sg5rQ4Twm0h/ksCoWRAsLo9Freh367zXtRZdKVYSOLkOJbPDJL6TFclCr0Xvw==
  
  argparse@^1.0.7:
    version "1.0.10"
    resolved "https://registry.yarnpkg.com/argparse/-/argparse-1.0.10.tgz#bcd6791ea5ae09725e17e5ad988134cd40b3d911"
    integrity sha512-o5Roy6tNG4SL/FOkCAN6RzjiakZS25RLYFrcMttJqbdd8BWrnA+fGz57iN5Pb06pvBGvl5gQ0B48dJlslXvoTg==
    dependencies:
      sprintf-js "~1.0.2"
  
  asn1.js@^5.0.1:
    version "5.4.1"
    resolved "https://registry.yarnpkg.com/asn1.js/-/asn1.js-5.4.1.tgz#11a980b84ebb91781ce35b0fdc2ee294e3783f07"
    integrity sha512-+I//4cYPccV8LdmBLiX8CYvf9Sp3vQsrqu2QNXRcrbiWvcx/UdlFiqUJJzxRQxgsZmvhXhn4cSKeSmoFjVdupA==
    dependencies:
      bn.js "^4.0.0"
      inherits "^2.0.1"
      minimalistic-assert "^1.0.0"
      safer-buffer "^2.1.0"
  
  asn1@0.2.3:
    version "0.2.3"
    resolved "https://registry.yarnpkg.com/asn1/-/asn1-0.2.3.tgz#dac8787713c9966849fc8180777ebe9c1ddf3b86"
    integrity sha1-2sh4dxPJlmhJ/IGAd36+nB3fO4Y=
  
  b64-lite@^1.3.1, b64-lite@^1.4.0:
    version "1.4.0"
    resolved "https://registry.yarnpkg.com/b64-lite/-/b64-lite-1.4.0.tgz#e62442de11f1f21c60e38b74f111ac0242283d3d"
    integrity sha512-aHe97M7DXt+dkpa8fHlCcm1CnskAHrJqEfMI0KN7dwqlzml/aUe1AGt6lk51HzrSfVD67xOso84sOpr+0wIe2w==
    dependencies:
      base-64 "^0.1.0"
  
  b64u-lite@^1.0.1:
    version "1.1.0"
    resolved "https://registry.yarnpkg.com/b64u-lite/-/b64u-lite-1.1.0.tgz#a581b7df94cbd4bed7cbb19feae816654f0b1bf0"
    integrity sha512-929qWGDVCRph7gQVTC6koHqQIpF4vtVaSbwLltFQo44B1bYUquALswZdBKFfrJCPEnsCOvWkJsPdQYZ/Ukhw8A==
    dependencies:
      b64-lite "^1.4.0"
  
  base-64@^0.1.0:
    version "0.1.0"
    resolved "https://registry.yarnpkg.com/base-64/-/base-64-0.1.0.tgz#780a99c84e7d600260361511c4877613bf24f6bb"
    integrity sha1-eAqZyE59YAJgNhURxId2E78k9rs=
  
  base58-universal@^1.0.0:
    version "1.0.0"
    resolved "https://registry.yarnpkg.com/base58-universal/-/base58-universal-1.0.0.tgz#6da5b89c2c9be8fc40bcf6b3a5a03f123ad3825e"
    integrity sha512-v0Ja4jwaQP8gBZPNXpfaXlLht2ed/Gp3AsVUZXtlZgY1qbKS0CjxvYs43U0Gh00zbVc1neMe+q/ULJ7ubVyB+w==
    dependencies:
      esm "^3.2.25"
  
  base64-js@*, base64-js@^1.3.1:
    version "1.5.1"
    resolved "https://registry.yarnpkg.com/base64-js/-/base64-js-1.5.1.tgz#1b1b440160a5bf7ad40b650f095963481903930a"
    integrity sha512-AKpaYlHn8t4SVbOHCy+b5+KKgvR4vrsD8vbvrbiQJps7fKDTkjkDry6ji0rUJjC0kzbNePLwzxq8iypo41qeWA==
  
  base64url@^3.0.0, base64url@^3.0.1:
    version "3.0.1"
    resolved "https://registry.yarnpkg.com/base64url/-/base64url-3.0.1.tgz#6399d572e2bc3f90a9a8b22d5dbb0a32d33f788d"
    integrity sha512-ir1UPr3dkwexU7FdV8qBBbNDRUhMmIekYMFZfi+C/sLNnRESKPl23nB9b2pltqfOQNnGzsDdId90AEtG5tCx4A==
  
  bignumber.js@^9.0.0:
    version "9.0.1"
    resolved "https://registry.yarnpkg.com/bignumber.js/-/bignumber.js-9.0.1.tgz#8d7ba124c882bfd8e43260c67475518d0689e4e5"
    integrity sha512-IdZR9mh6ahOBv/hYGiXyVuyCetmGJhtYkqLBpTStdhEGjegpPlUawydyaF3pbIOFynJTpllEs+NP+CS9jKFLjA==
  
  blakejs@^1.1.0:
    version "1.1.0"
    resolved "https://registry.yarnpkg.com/blakejs/-/blakejs-1.1.0.tgz#69df92ef953aa88ca51a32df6ab1c54a155fc7a5"
    integrity sha1-ad+S75U6qIylGjLfarHFShVfx6U=
  
  bn.js@^4.0.0, bn.js@^4.4.0:
    version "4.11.9"
    resolved "https://registry.yarnpkg.com/bn.js/-/bn.js-4.11.9.tgz#26d556829458f9d1e81fc48952493d0ba3507828"
    integrity sha512-E6QoYqCKZfgatHTdHzs1RRKP7ip4vvm+EyRUeE2RF0NblwVvb0p6jSVeNTOFxPn26QXN2o6SMfNxKp6kU8zQaw==
  
  borc@^2.1.1:
    version "2.1.2"
    resolved "https://registry.yarnpkg.com/borc/-/borc-2.1.2.tgz#6ce75e7da5ce711b963755117dd1b187f6f8cf19"
    integrity sha512-Sy9eoUi4OiKzq7VovMn246iTo17kzuyHJKomCfpWMlI6RpfN1gk95w7d7gH264nApVLg0HZfcpz62/g4VH1Y4w==
    dependencies:
      bignumber.js "^9.0.0"
      buffer "^5.5.0"
      commander "^2.15.0"
      ieee754 "^1.1.13"
      iso-url "~0.4.7"
      json-text-sequence "~0.1.0"
      readable-stream "^3.6.0"
  
  brorand@^1.0.1:
    version "1.1.0"
    resolved "https://registry.yarnpkg.com/brorand/-/brorand-1.1.0.tgz#12c25efe40a45e3c323eb8675a0a0ce57b22371f"
    integrity sha1-EsJe/kCkXjwyPrhnWgoM5XsiNx8=
  
  buffer@^5.5.0:
    version "5.7.1"
    resolved "https://registry.yarnpkg.com/buffer/-/buffer-5.7.1.tgz#ba62e7c13133053582197160851a8f648e99eed0"
    integrity sha512-EHcyIPBQ4BSGlvjB16k5KgAJ27CIsHY/2JBmCRReo48y9rQ3MaUzWX3KVlBa4U7MyX02HdVj0K7C3WaB3ju7FQ==
    dependencies:
      base64-js "^1.3.1"
      ieee754 "^1.1.13"
  
  coffee-script@~1.10.0:
    version "1.10.0"
    resolved "https://registry.yarnpkg.com/coffee-script/-/coffee-script-1.10.0.tgz#12938bcf9be1948fa006f92e0c4c9e81705108c0"
    integrity sha1-EpOLz5vhlI+gBvkuDEyegXBRCMA=
  
  commander@^2.15.0, commander@^2.18.0:
    version "2.20.3"
    resolved "https://registry.yarnpkg.com/commander/-/commander-2.20.3.tgz#fd485e84c03eb4881c20722ba48035e8531aeb33"
    integrity sha512-GpVkmM8vF2vQUkj2LvZmD35JxeJOLCwJ9cUkugyk2nuhbv3+mJvpLYYt+0+USMxE+oj+ey/lJEnhZw75x/OMcQ==
  
  core-util-is@~1.0.0:
    version "1.0.2"
    resolved "https://registry.yarnpkg.com/core-util-is/-/core-util-is-1.0.2.tgz#b5fd54220aa2bc5ab57aab7140c940754503c1a7"
    integrity sha1-tf1UIgqivFq1eqtxQMlAdUUDwac=
  
  csv-parse@^4.4.6:
    version "4.14.2"
    resolved "https://registry.yarnpkg.com/csv-parse/-/csv-parse-4.14.2.tgz#c1329cff95a99b8773a92c4e62f8bff114b34726"
    integrity sha512-YE2xlTKtM035/94llhgsp9qFQxGi47EkQJ1pZ+mLT/98GpIsbjkMGAb7Rmu9hNxVfYFOLf10hP+rPVqnoccLgw==
  
  csv-stringify@^1.0.4:
    version "1.1.2"
    resolved "https://registry.yarnpkg.com/csv-stringify/-/csv-stringify-1.1.2.tgz#77a41526581bce3380f12b00d7c5bbac70c82b58"
    integrity sha1-d6QVJlgbzjOA8SsA18W7rHDIK1g=
    dependencies:
      lodash.get "~4.4.2"
  
  date-fns@^1.30.1:
    version "1.30.1"
    resolved "https://registry.yarnpkg.com/date-fns/-/date-fns-1.30.1.tgz#2e71bf0b119153dbb4cc4e88d9ea5acfb50dc05c"
    integrity sha512-hBSVCvSmWC+QypYObzwGOd9wqdDpOt+0wl0KbU+R+uuZBS1jN8VsD1ss3irQDknRj5NvxiTF6oj/nDRnN/UQNw==
  
  delimit-stream@0.1.0:
    version "0.1.0"
    resolved "https://registry.yarnpkg.com/delimit-stream/-/delimit-stream-0.1.0.tgz#9b8319477c0e5f8aeb3ce357ae305fc25ea1cd2b"
    integrity sha1-m4MZR3wOX4rrPONXrjBfwl6hzSs=
  
  elliptic@^6.4.0, elliptic@^6.4.1:
    version "6.5.3"
    resolved "https://registry.yarnpkg.com/elliptic/-/elliptic-6.5.3.tgz#cb59eb2efdaf73a0bd78ccd7015a62ad6e0f93d6"
    integrity sha512-IMqzv5wNQf+E6aHeIqATs0tOLeOTwj1QKbRcS3jBbYkl5oLAserA8yJTT7/VyHUYG91PRmPyeQDObKLPpeS4dw==
    dependencies:
      bn.js "^4.4.0"
      brorand "^1.0.1"
      hash.js "^1.0.0"
      hmac-drbg "^1.0.0"
      inherits "^2.0.1"
      minimalistic-assert "^1.0.0"
      minimalistic-crypto-utils "^1.0.0"
  
  emitter-component@^1.1.1:
    version "1.1.1"
    resolved "https://registry.yarnpkg.com/emitter-component/-/emitter-component-1.1.1.tgz#065e2dbed6959bf470679edabeaf7981d1003ab6"
    integrity sha1-Bl4tvtaVm/RwZ57avq95gdEAOrY=
  
  escape-html@^1.0.3:
    version "1.0.3"
    resolved "https://registry.yarnpkg.com/escape-html/-/escape-html-1.0.3.tgz#0258eae4d3d0c0974de1c169188ef0051d1d1988"
    integrity sha1-Aljq5NPQwJdN4cFpGI7wBR0dGYg=
  
  esm@^3.2.22, esm@^3.2.25:
    version "3.2.25"
    resolved "https://registry.yarnpkg.com/esm/-/esm-3.2.25.tgz#342c18c29d56157688ba5ce31f8431fbb795cc10"
    integrity sha512-U1suiZ2oDVWv4zPO56S0NcR5QriEahGtdN2OR6FiOG4WJvcjBVFB0qI4+eKoWFH483PKGuLuu6V8Z4T5g63UVA==
  
  esprima@^4.0.0:
    version "4.0.1"
    resolved "https://registry.yarnpkg.com/esprima/-/esprima-4.0.1.tgz#13b04cdb3e6c5d19df91ab6987a8695619b0aa71"
    integrity sha512-eGuFFw7Upda+g4p+QHvnW0RyTX/SVeJBDM/gCtMARO0cLuT2HcEKnTPvhjV6aGeqrCB/sbNop0Kszm0jsaWU4A==
  
  fhir@^4.7.11:
    version "4.7.11"
    resolved "https://registry.yarnpkg.com/fhir/-/fhir-4.7.11.tgz#97b11b7b92409beecaa4e3f69de8a82fb98f1c71"
    integrity sha512-60TtFbwGZcpkdpCmysTSGgmL8IujKH8AoNMz/BlhBQjx0UXtvbSlxsrzi9Q0SRDxhO3LehO3eWbprKYKpbiwEw==
    dependencies:
      lodash "^4.17.19"
      path "^0.12.7"
      q "^1.4.1"
      randomatic "^3.1.0"
      xml-js "^1.6.8"
  
  fhirpath.js@^0.0.6:
    version "0.0.6"
    resolved "https://registry.yarnpkg.com/fhirpath.js/-/fhirpath.js-0.0.6.tgz#387f6442b8674fcea395ea81dbe6ee0969fe0457"
    integrity sha1-OH9kQrhnT86jleqB2+buCWn+BFc=
  
  fhirpath@^0.9.2:
    version "0.9.2"
    resolved "https://registry.yarnpkg.com/fhirpath/-/fhirpath-0.9.2.tgz#9750d503e1cb23c9e31e72c83cbe613f186011ac"
    integrity sha512-n8C+fbUzg+Gs+MZe3ldNWqfHqLlBnI5mSrHNhc7y19U54dFQYA470Rw/vtVir9GmdawzeakLt6AVtlGHFIK4Hg==
    dependencies:
      antlr4 "^4.7.1"
      commander "^2.18.0"
  
  fhirpath@^2.7.1:
    version "2.7.1"
    resolved "https://registry.yarnpkg.com/fhirpath/-/fhirpath-2.7.1.tgz#2004a80eca0418d7dee2748ebf45576a006f33d4"
    integrity sha512-O7xIrtt3lY7aA0y+i9uJQWvVFWMph3z5ErG6gFI6HxXk+sxou80g1GtjbgawKvDDXGKUu8RPlp9LqrLkzdvp1g==
    dependencies:
      "@lhncbc/ucum-lhc" "^4.1.3"
      antlr4 "^4.7.1"
      commander "^2.18.0"
      date-fns "^1.30.1"
      js-yaml "^3.13.1"
  
  graceful-fs@^4.1.6:
    version "4.2.4"
    resolved "https://registry.yarnpkg.com/graceful-fs/-/graceful-fs-4.2.4.tgz#2256bde14d3632958c465ebc96dc467ca07a29fb"
    integrity sha512-WjKPNJF79dtJAVniUlGGWHYGz2jWxT6VhN/4m1NdkbZ2nOsEF+cI1Edgql5zCRhs/VsQYRvrXctxktVXZUkixw==
  
  grunt-extract-sourcemap@^0.1.19:
    version "0.1.19"
    resolved "https://registry.yarnpkg.com/grunt-extract-sourcemap/-/grunt-extract-sourcemap-0.1.19.tgz#bd4630125d56875c7cb3b70003ca30137245a692"
    integrity sha1-vUYwEl1Wh1x8s7cAA8owE3JFppI=
    dependencies:
      coffee-script "~1.10.0"
      lazy.js "~0.4.2"
  
  handlebars-helpers-fhir@^0.0.8:
    version "0.0.8"
    resolved "https://registry.yarnpkg.com/handlebars-helpers-fhir/-/handlebars-helpers-fhir-0.0.8.tgz#3cad5bf40730b153e3bb754ef433296c62d5fa70"
    integrity sha512-YVav2F2Pmdon3OC1FfaLNJ5bzc9oIxFT2lcgndU5vMn7mybgP+0m4grWV+IyK6y2qLwhFGjLQ7X/wk/H01ghXg==
    dependencies:
      fhirpath "^0.9.2"
      handlebars-utils "^1.0.6"
  
  handlebars-utils@^1.0.6:
    version "1.0.6"
    resolved "https://registry.yarnpkg.com/handlebars-utils/-/handlebars-utils-1.0.6.tgz#cb9db43362479054782d86ffe10f47abc76357f9"
    integrity sha512-d5mmoQXdeEqSKMtQQZ9WkiUcO1E3tPbWxluCK9hVgIDPzQa9WsKo3Lbe/sGflTe7TomHEeZaOgwIkyIr1kfzkw==
    dependencies:
      kind-of "^6.0.0"
      typeof-article "^0.1.1"
  
  handlebars@^4.7.6:
    version "4.7.6"
    resolved "https://registry.yarnpkg.com/handlebars/-/handlebars-4.7.6.tgz#d4c05c1baf90e9945f77aa68a7a219aa4a7df74e"
    integrity sha512-1f2BACcBfiwAfStCKZNrUCgqNZkGsAT7UM3kkYtXuLo0KnaVfjKOyf7PRzB6++aK9STyT1Pd2ZCPe3EGOXleXA==
    dependencies:
      minimist "^1.2.5"
      neo-async "^2.6.0"
      source-map "^0.6.1"
      wordwrap "^1.0.0"
    optionalDependencies:
      uglify-js "^3.1.4"
  
  hash.js@^1.0.0, hash.js@^1.0.3:
    version "1.1.7"
    resolved "https://registry.yarnpkg.com/hash.js/-/hash.js-1.1.7.tgz#0babca538e8d4ee4a0f8988d68866537a003cf42"
    integrity sha512-taOaskGt4z4SOANNseOviYDvjEJinIkRgmp7LbKP2YTTmVxWBl87s/uzK9r+44BclBSp2X7K1hqeNfz9JbBeXA==
    dependencies:
      inherits "^2.0.3"
      minimalistic-assert "^1.0.1"
  
  hashlink@^0.12.1:
    version "0.12.1"
    resolved "https://registry.yarnpkg.com/hashlink/-/hashlink-0.12.1.tgz#a09bfeb3cb366e70dbe285ee33c2dfb18af0449c"
    integrity sha512-9+Ng4288CE8lLbc8k846MEDlyV3CuX85TWbtTDcQjKI40G5G/LTEfcWiqRri+oItMfHQKFACS2NBharJVzg5Hw==
    dependencies:
      base58-universal "^1.0.0"
      blakejs "^1.1.0"
      borc "^2.1.1"
      esm "^3.2.22"
      isomorphic-webcrypto "^1.6.1"
  
  hmac-drbg@^1.0.0:
    version "1.0.1"
    resolved "https://registry.yarnpkg.com/hmac-drbg/-/hmac-drbg-1.0.1.tgz#d2745701025a6c775a6c545793ed502fc0c649a1"
    integrity sha1-0nRXAQJabHdabFRXk+1QL8DGSaE=
    dependencies:
      hash.js "^1.0.3"
      minimalistic-assert "^1.0.0"
      minimalistic-crypto-utils "^1.0.1"
  
  ieee754@^1.1.13:
    version "1.2.1"
    resolved "https://registry.yarnpkg.com/ieee754/-/ieee754-1.2.1.tgz#8eb7a10a63fff25d15a57b001586d177d1b0d352"
    integrity sha512-dcyqhDvX1C46lXZcVqCpK+FtMRQVdIMN6/Df5js2zouUsqG7I6sFxitIC+7KYK29KdXOLHdu9zL4sFnoVQnqaA==
  
  inherits@2.0.3:
    version "2.0.3"
    resolved "https://registry.yarnpkg.com/inherits/-/inherits-2.0.3.tgz#633c2c83e3da42a502f52466022480f4208261de"
    integrity sha1-Yzwsg+PaQqUC9SRmAiSA9CCCYd4=
  
  inherits@^2.0.1, inherits@^2.0.3, inherits@~2.0.3:
    version "2.0.4"
    resolved "https://registry.yarnpkg.com/inherits/-/inherits-2.0.4.tgz#0fa2c64f932917c3433a0ded55363aae37416b7c"
    integrity sha512-k/vGaX4/Yla3WzyMCvTQOXYeIHvqOKtnqBduzTHpzpQZzAskKMhZ2K+EnBiSM9zGSoIFeMpXKxa4dYeZIQqewQ==
  
  is-buffer@^1.1.5:
    version "1.1.6"
    resolved "https://registry.yarnpkg.com/is-buffer/-/is-buffer-1.1.6.tgz#efaa2ea9daa0d7ab2ea13a97b2b8ad51fefbe8be"
    integrity sha512-NcdALwpXkTm5Zvvbk7owOUSvVvBKDgKP5/ewfXEznmQFfs4ZRmanOeKBTjRVjka3QFoN6XJ+9F3USqfHqTaU5w==
  
  is-finite@^1.0.0:
    version "1.1.0"
    resolved "https://registry.yarnpkg.com/is-finite/-/is-finite-1.1.0.tgz#904135c77fb42c0641d6aa1bcdbc4daa8da082f3"
    integrity sha512-cdyMtqX/BOqqNBBiKlIVkytNHm49MtMlYyn1zxzvJKWmFMlGzm+ry5BBfYyeY9YmNKbRSo/o7OX9w9ale0wg3w==
  
  is-integer@^1.0.6:
    version "1.0.7"
    resolved "https://registry.yarnpkg.com/is-integer/-/is-integer-1.0.7.tgz#6bde81aacddf78b659b6629d629cadc51a886d5c"
    integrity sha1-a96Bqs3feLZZtmKdYpytxRqIbVw=
    dependencies:
      is-finite "^1.0.0"
  
  is-number@^4.0.0:
    version "4.0.0"
    resolved "https://registry.yarnpkg.com/is-number/-/is-number-4.0.0.tgz#0026e37f5454d73e356dfe6564699867c6a7f0ff"
    integrity sha512-rSklcAIlf1OmFdyAqbnWTLVelsQ58uvZ66S/ZyawjWqIviTWCjg2PzVGw8WUA+nNuPTqb4wgA+NszrJ+08LlgQ==
  
  isarray@~1.0.0:
    version "1.0.0"
    resolved "https://registry.yarnpkg.com/isarray/-/isarray-1.0.0.tgz#bb935d48582cba168c06834957a54a3e07124f11"
    integrity sha1-u5NdSFgsuhaMBoNJV6VKPgcSTxE=
  
  iso-url@~0.4.7:
    version "0.4.7"
    resolved "https://registry.yarnpkg.com/iso-url/-/iso-url-0.4.7.tgz#de7e48120dae46921079fe78f325ac9e9217a385"
    integrity sha512-27fFRDnPAMnHGLq36bWTpKET+eiXct3ENlCcdcMdk+mjXrb2kw3mhBUg1B7ewAC0kVzlOPhADzQgz1SE6Tglog==
  
  isomorphic-webcrypto@^1.6.1:
    version "1.6.2"
    resolved "https://registry.yarnpkg.com/isomorphic-webcrypto/-/isomorphic-webcrypto-1.6.2.tgz#84018f6656b9d695fbe161b103500a1f74b80a1c"
    integrity sha512-ylI8dI2w+hlD7UWLXxhX84dwryz37P/hDXFTU2ofcMjDFNB1Ldv27ppw6gtaA9i1L0uRTgR2zMCr5ejZP/m/mA==
    dependencies:
      "@trust/webcrypto" "^0.9.2"
      b64-lite "^1.3.1"
      b64u-lite "^1.0.1"
      mitt "^1.1.3"
      msrcrypto "^1.5.4"
      str2buf "^1.3.0"
      webcrypto-shim "^0.1.4"
    optionalDependencies:
      react-native-securerandom "^0.1.1"
  
  js-yaml@^3.13.1:
    version "3.14.1"
    resolved "https://registry.yarnpkg.com/js-yaml/-/js-yaml-3.14.1.tgz#dae812fdb3825fa306609a8717383c50c36a0537"
    integrity sha512-okMH7OXXJ7YrN9Ok3/SXrnu4iX9yOk+25nqX4imS2npuvTYDmo/QEZoqwZkYaIDk3jVvBOTOIEgEhaLOynBS9g==
    dependencies:
      argparse "^1.0.7"
      esprima "^4.0.0"
  
  json-text-sequence@~0.1.0:
    version "0.1.1"
    resolved "https://registry.yarnpkg.com/json-text-sequence/-/json-text-sequence-0.1.1.tgz#a72f217dc4afc4629fff5feb304dc1bd51a2f3d2"
    integrity sha1-py8hfcSvxGKf/1/rME3BvVGi89I=
    dependencies:
      delimit-stream "0.1.0"
  
  jsonfile@^2.2.3:
    version "2.4.0"
    resolved "https://registry.yarnpkg.com/jsonfile/-/jsonfile-2.4.0.tgz#3736a2b428b87bbda0cc83b53fa3d633a35c2ae8"
    integrity sha1-NzaitCi4e72gzIO1P6PWM6NcKug=
    optionalDependencies:
      graceful-fs "^4.1.6"
  
  kind-of@^3.1.0:
    version "3.2.2"
    resolved "https://registry.yarnpkg.com/kind-of/-/kind-of-3.2.2.tgz#31ea21a734bab9bbb0f32466d893aea51e4a3c64"
    integrity sha1-MeohpzS6ubuw8yRm2JOupR5KPGQ=
    dependencies:
      is-buffer "^1.1.5"
  
  kind-of@^6.0.0:
    version "6.0.3"
    resolved "https://registry.yarnpkg.com/kind-of/-/kind-of-6.0.3.tgz#07c05034a6c349fa06e24fa35aa76db4580ce4dd"
    integrity sha512-dcS1ul+9tmeD95T+x28/ehLgd9mENa3LsvDTtzm3vyBEO7RPptvAD+t44WVXaUjTBRcrpFeFlC8WCruUR456hw==
  
  lazy.js@~0.4.2:
    version "0.4.3"
    resolved "https://registry.yarnpkg.com/lazy.js/-/lazy.js-0.4.3.tgz#87f67a07ad36555121e4fff1520df31be66786d8"
    integrity sha1-h/Z6B602VVEh5P/xUg3zG+Znhtg=
  
  lodash.get@~4.4.2:
    version "4.4.2"
    resolved "https://registry.yarnpkg.com/lodash.get/-/lodash.get-4.4.2.tgz#2d177f652fa31e939b4438d5341499dfa3825e99"
    integrity sha1-LRd/ZS+jHpObRDjVNBSZ36OCXpk=
  
  lodash@^4.17.19:
    version "4.17.20"
    resolved "https://registry.yarnpkg.com/lodash/-/lodash-4.17.20.tgz#b44a9b6297bcb698f1c51a3545a2b3b368d59c52"
    integrity sha512-PlhdFcillOINfeV7Ni6oF1TAEayyZBoZ8bcshTHqOYJYlrqzRK5hagpagky5o4HfCzzd1TRkXPMFq6cKk9rGmA==
  
  math-random@^1.0.1:
    version "1.0.4"
    resolved "https://registry.yarnpkg.com/math-random/-/math-random-1.0.4.tgz#5dd6943c938548267016d4e34f057583080c514c"
    integrity sha512-rUxjysqif/BZQH2yhd5Aaq7vXMSx9NdEsQcyA07uEzIvxgI7zIr33gGsh+RU0/XjmQpCW7RsVof1vlkvQVCK5A==
  
  minimalistic-assert@^1.0.0, minimalistic-assert@^1.0.1:
    version "1.0.1"
    resolved "https://registry.yarnpkg.com/minimalistic-assert/-/minimalistic-assert-1.0.1.tgz#2e194de044626d4a10e7f7fbc00ce73e83e4d5c7"
    integrity sha512-UtJcAD4yEaGtjPezWuO9wC4nwUnVH/8/Im3yEHQP4b67cXlD/Qr9hdITCU1xDbSEXg2XKNaP8jsReV7vQd00/A==
  
  minimalistic-crypto-utils@^1.0.0, minimalistic-crypto-utils@^1.0.1:
    version "1.0.1"
    resolved "https://registry.yarnpkg.com/minimalistic-crypto-utils/-/minimalistic-crypto-utils-1.0.1.tgz#f6c00c1c0b082246e5c4d99dfb8c7c083b2b582a"
    integrity sha1-9sAMHAsIIkblxNmd+4x8CDsrWCo=
  
  minimist@^1.2.5:
    version "1.2.5"
    resolved "https://registry.yarnpkg.com/minimist/-/minimist-1.2.5.tgz#67d66014b66a6a8aaa0c083c5fd58df4e4e97602"
    integrity sha512-FM9nNUYrRBAELZQT3xeZQ7fmMOBg6nWNmJKTcgsJeaLstP/UODVpGsr5OhXhhXg6f+qtJ8uiZ+PUxkDWcgIXLw==
  
  mitt@^1.1.3:
    version "1.2.0"
    resolved "https://registry.yarnpkg.com/mitt/-/mitt-1.2.0.tgz#cb24e6569c806e31bd4e3995787fe38a04fdf90d"
    integrity sha512-r6lj77KlwqLhIUku9UWYes7KJtsczvolZkzp8hbaDPPaE24OmWl5s539Mytlj22siEQKosZ26qCBgda2PKwoJw==
  
  msrcrypto@^1.5.4:
    version "1.5.8"
    resolved "https://registry.yarnpkg.com/msrcrypto/-/msrcrypto-1.5.8.tgz#be419be4945bf134d8af52e9d43be7fa261f4a1c"
    integrity sha512-ujZ0TRuozHKKm6eGbKHfXef7f+esIhEckmThVnz7RNyiOJd7a6MXj2JGBoL9cnPDW+JMG16MoTUh5X+XXjI66Q==
  
  neo-async@^2.6.0:
    version "2.6.2"
    resolved "https://registry.yarnpkg.com/neo-async/-/neo-async-2.6.2.tgz#b4aafb93e3aeb2d8174ca53cf163ab7d7308305f"
    integrity sha512-Yd3UES5mWCSqR+qNT93S3UoYUkqAZ9lLg8a7g9rimsWmYGK8cVToA4/sF3RrshdyV3sAGMXVUmpMYOw+dLpOuw==
  
  node-rsa@^0.4.0:
    version "0.4.2"
    resolved "https://registry.yarnpkg.com/node-rsa/-/node-rsa-0.4.2.tgz#d6391729ec16a830ed5a38042b3157d2d5d72530"
    integrity sha1-1jkXKewWqDDtWjgEKzFX0tXXJTA=
    dependencies:
      asn1 "0.2.3"
  
  path@^0.12.7:
    version "0.12.7"
    resolved "https://registry.yarnpkg.com/path/-/path-0.12.7.tgz#d4dc2a506c4ce2197eb481ebfcd5b36c0140b10f"
    integrity sha1-1NwqUGxM4hl+tIHr/NWzbAFAsQ8=
    dependencies:
      process "^0.11.1"
      util "^0.10.3"
  
  process-nextick-args@~2.0.0:
    version "2.0.1"
    resolved "https://registry.yarnpkg.com/process-nextick-args/-/process-nextick-args-2.0.1.tgz#7820d9b16120cc55ca9ae7792680ae7dba6d7fe2"
    integrity sha512-3ouUOpQhtgrbOa17J7+uxOTpITYWaGP7/AhoR3+A+/1e9skrzelGi/dXzEYyvbxubEF6Wn2ypscTKiKJFFn1ag==
  
  process@^0.11.1:
    version "0.11.10"
    resolved "https://registry.yarnpkg.com/process/-/process-0.11.10.tgz#7332300e840161bda3e69a1d1d91a7d4bc16f182"
    integrity sha1-czIwDoQBYb2j5podHZGn1LwW8YI=
  
  q@^1.4.1:
    version "1.5.1"
    resolved "https://registry.yarnpkg.com/q/-/q-1.5.1.tgz#7e32f75b41381291d04611f1bf14109ac00651d7"
    integrity sha1-fjL3W0E4EpHQRhHxvxQQmsAGUdc=
  
  randomatic@^3.1.0:
    version "3.1.1"
    resolved "https://registry.yarnpkg.com/randomatic/-/randomatic-3.1.1.tgz#b776efc59375984e36c537b2f51a1f0aff0da1ed"
    integrity sha512-TuDE5KxZ0J461RVjrJZCJc+J+zCkTb1MbH9AQUq68sMhOMcy9jLcb3BrZKgp9q9Ncltdg4QVqWrH02W2EFFVYw==
    dependencies:
      is-number "^4.0.0"
      kind-of "^6.0.0"
      math-random "^1.0.1"
  
  react-native-securerandom@^0.1.1:
    version "0.1.1"
    resolved "https://registry.yarnpkg.com/react-native-securerandom/-/react-native-securerandom-0.1.1.tgz#f130623a412c338b0afadedbc204c5cbb8bf2070"
    integrity sha1-8TBiOkEsM4sK+t7bwgTFy7i/IHA=
    dependencies:
      base64-js "*"
  
  readable-stream@^2.1.0:
    version "2.3.7"
    resolved "https://registry.yarnpkg.com/readable-stream/-/readable-stream-2.3.7.tgz#1eca1cf711aef814c04f62252a36a62f6cb23b57"
    integrity sha512-Ebho8K4jIbHAxnuxi7o42OrZgF/ZTNcsZj6nRKyUmkhLFq8CHItp/fy6hQZuZmP/n3yZ9VBUbp4zz/mX8hmYPw==
    dependencies:
      core-util-is "~1.0.0"
      inherits "~2.0.3"
      isarray "~1.0.0"
      process-nextick-args "~2.0.0"
      safe-buffer "~5.1.1"
      string_decoder "~1.1.1"
      util-deprecate "~1.0.1"
  
  readable-stream@^3.6.0:
    version "3.6.0"
    resolved "https://registry.yarnpkg.com/readable-stream/-/readable-stream-3.6.0.tgz#337bbda3adc0706bd3e024426a286d4b4b2c9198"
    integrity sha512-BViHy7LKeTz4oNnkcLJ+lVSL6vpiFeX6/d3oSH8zCW7UxP2onchk+vTGB143xuFjHS3deTgkKoXXymXqymiIdA==
    dependencies:
      inherits "^2.0.3"
      string_decoder "^1.1.1"
      util-deprecate "^1.0.1"
  
  safe-buffer@~5.1.0, safe-buffer@~5.1.1:
    version "5.1.2"
    resolved "https://registry.yarnpkg.com/safe-buffer/-/safe-buffer-5.1.2.tgz#991ec69d296e0313747d59bdfd2b745c35f8828d"
    integrity sha512-Gd2UZBJDkXlY7GbJxfsE8/nvKkUEU1G38c1siN6QP6a9PT9MmHB8GnpscSmMJSoF8LOIrt8ud/wPtojys4G6+g==
  
  safe-buffer@~5.2.0:
    version "5.2.1"
    resolved "https://registry.yarnpkg.com/safe-buffer/-/safe-buffer-5.2.1.tgz#1eaf9fa9bdb1fdd4ec75f58f9cdb4e6b7827eec6"
    integrity sha512-rp3So07KcdmmKbGvgaNxQSJr7bGVSVk5S9Eq1F+ppbRo70+YeaDxkw5Dd8NPN+GD6bjnYm2VuPuCXmpuYvmCXQ==
  
  safer-buffer@^2.1.0:
    version "2.1.2"
    resolved "https://registry.yarnpkg.com/safer-buffer/-/safer-buffer-2.1.2.tgz#44fa161b0187b9549dd84bb91802f9bd8385cd6a"
    integrity sha512-YZo3K82SD7Riyi0E1EQPojLz7kpepnSQI9IyPbHHg1XXXevb5dJI7tpyN2ADxGcQbHG7vcyRHk0cbwqcQriUtg==
  
  sax@^1.2.4:
    version "1.2.4"
    resolved "https://registry.yarnpkg.com/sax/-/sax-1.2.4.tgz#2816234e2378bddc4e5354fab5caa895df7100d9"
    integrity sha512-NqVDv9TpANUjFm0N8uM5GxL36UgKi9/atZw+x7YFnQ8ckwFGKrl4xX4yWtrey3UJm5nP1kUbnYgLopqWNSRhWw==
  
  sax@~1.1.1:
    version "1.1.6"
    resolved "https://registry.yarnpkg.com/sax/-/sax-1.1.6.tgz#5d616be8a5e607d54e114afae55b7eaf2fcc3240"
    integrity sha1-XWFr6KXmB9VOEUr65Vt+ry/MMkA=
  
  source-map@^0.6.1:
    version "0.6.1"
    resolved "https://registry.yarnpkg.com/source-map/-/source-map-0.6.1.tgz#74722af32e9614e9c287a8d0bbde48b5e2f1a263"
    integrity sha512-UjgapumWlbMhkBgzT7Ykc5YXUT46F0iKu8SGXq0bcwP5dz/h0Plj6enJqjz1Zbq2l5WaqYnrVbwWOWMyF3F47g==
  
  sprintf-js@~1.0.2:
    version "1.0.3"
    resolved "https://registry.yarnpkg.com/sprintf-js/-/sprintf-js-1.0.3.tgz#04e6926f662895354f3dd015203633b857297e2c"
    integrity sha1-BOaSb2YolTVPPdAVIDYzuFcpfiw=
  
  str2buf@^1.3.0:
    version "1.3.0"
    resolved "https://registry.yarnpkg.com/str2buf/-/str2buf-1.3.0.tgz#a4172afff4310e67235178e738a2dbb573abead0"
    integrity sha512-xIBmHIUHYZDP4HyoXGHYNVmxlXLXDrtFHYT0eV6IOdEj3VO9ccaF1Ejl9Oq8iFjITllpT8FhaXb4KsNmw+3EuA==
  
  stream-transform@^0.1.1:
    version "0.1.2"
    resolved "https://registry.yarnpkg.com/stream-transform/-/stream-transform-0.1.2.tgz#7d8e6b4e03ac4781778f8c79517501bfb0762a9f"
    integrity sha1-fY5rTgOsR4F3j4x5UXUBv7B2Kp8=
  
  stream@0.0.2:
    version "0.0.2"
    resolved "https://registry.yarnpkg.com/stream/-/stream-0.0.2.tgz#7f5363f057f6592c5595f00bc80a27f5cec1f0ef"
    integrity sha1-f1Nj8Ff2WSxVlfALyAon9c7B8O8=
    dependencies:
      emitter-component "^1.1.1"
  
  string-to-stream@^1.1.0:
    version "1.1.1"
    resolved "https://registry.yarnpkg.com/string-to-stream/-/string-to-stream-1.1.1.tgz#aba78f73e70661b130ee3e1c0192be4fef6cb599"
    integrity sha512-QySF2+3Rwq0SdO3s7BAp4x+c3qsClpPQ6abAmb0DGViiSBAkT5kL6JT2iyzEVP+T1SmzHrQD1TwlP9QAHCc+Sw==
    dependencies:
      inherits "^2.0.1"
      readable-stream "^2.1.0"
  
  string_decoder@^1.1.1:
    version "1.3.0"
    resolved "https://registry.yarnpkg.com/string_decoder/-/string_decoder-1.3.0.tgz#42f114594a46cf1a8e30b0a84f56c78c3edac21e"
    integrity sha512-hkRX8U1WjJFd8LsDJ2yQ/wWWxaopEsABU1XfkM8A+j0+85JAGppt16cr1Whg6KIbb4okU6Mql6BOj+uup/wKeA==
    dependencies:
      safe-buffer "~5.2.0"
  
  string_decoder@~1.1.1:
    version "1.1.1"
    resolved "https://registry.yarnpkg.com/string_decoder/-/string_decoder-1.1.1.tgz#9cf1611ba62685d7030ae9e4ba34149c3af03fc8"
    integrity sha512-n/ShnvDi6FHbbVfviro+WojiFzv+s8MPMHBczVePfUpDJLwoLT0ht1l4YwBCbi8pJAveEEdnkHyPyTP/mzRfwg==
    dependencies:
      safe-buffer "~5.1.0"
  
  text-encoding@^0.6.1:
    version "0.6.4"
    resolved "https://registry.yarnpkg.com/text-encoding/-/text-encoding-0.6.4.tgz#e399a982257a276dae428bb92845cb71bdc26d19"
    integrity sha1-45mpgiV6J22uQou5KEXLcb3CbRk=
  
  typeof-article@^0.1.1:
    version "0.1.1"
    resolved "https://registry.yarnpkg.com/typeof-article/-/typeof-article-0.1.1.tgz#9f07e733c3fbb646ffa9e61c08debacd460e06af"
    integrity sha1-nwfnM8P7tkb/qeYcCN66zUYOBq8=
    dependencies:
      kind-of "^3.1.0"
  
  uglify-js@^3.1.4:
    version "3.12.3"
    resolved "https://registry.yarnpkg.com/uglify-js/-/uglify-js-3.12.3.tgz#bb26c4abe0e68c55e9776bca9bed99a4df73facf"
    integrity sha512-feZzR+kIcSVuLi3s/0x0b2Tx4Iokwqt+8PJM7yRHKuldg4MLdam4TCFeICv+lgDtuYiCtdmrtIP+uN9LWvDasw==
  
  util-deprecate@^1.0.1, util-deprecate@~1.0.1:
    version "1.0.2"
    resolved "https://registry.yarnpkg.com/util-deprecate/-/util-deprecate-1.0.2.tgz#450d4dc9fa70de732762fbd2d4a28981419a0ccf"
    integrity sha1-RQ1Nyfpw3nMnYvvS1KKJgUGaDM8=
  
  util@^0.10.3:
    version "0.10.4"
    resolved "https://registry.yarnpkg.com/util/-/util-0.10.4.tgz#3aa0125bfe668a4672de58857d3ace27ecb76901"
    integrity sha512-0Pm9hTQ3se5ll1XihRic3FDIku70C+iHUdT/W926rSgHV5QgXsYbKZN8MSC3tJtSkhuROzvsQjAaFENRXr+19A==
    dependencies:
      inherits "2.0.3"
  
  webcrypto-shim@^0.1.4:
    version "0.1.6"
    resolved "https://registry.yarnpkg.com/webcrypto-shim/-/webcrypto-shim-0.1.6.tgz#b4554d95c0a63637226c9732440dc674bf96f5cb"
    integrity sha512-0o612s3S5z3IkDSRghIwd3Ul4X8NRmmZDpt6PWGI9gSM+nygVvrfzGjhIh4vwzlOJxYxS0fcFD1wh3yznuVzFg==
  
  wordwrap@^1.0.0:
    version "1.0.0"
    resolved "https://registry.yarnpkg.com/wordwrap/-/wordwrap-1.0.0.tgz#27584810891456a4171c8d0226441ade90cbcaeb"
    integrity sha1-J1hIEIkUVqQXHI0CJkQa3pDLyus=
  
  xml-js@^1.6.8:
    version "1.6.11"
    resolved "https://registry.yarnpkg.com/xml-js/-/xml-js-1.6.11.tgz#927d2f6947f7f1c19a316dd8eea3614e8b18f8e9"
    integrity sha512-7rVi2KMfwfWFl+GpPg6m80IVMWXLRjO+PxTq7V2CDhoGak0wzYzFgUY2m4XJ47OGdXd8eLE8EmwfAmdjw7lC1g==
    dependencies:
      sax "^1.2.4"
  
  xmldoc@^0.4.0:
    version "0.4.0"
    resolved "https://registry.yarnpkg.com/xmldoc/-/xmldoc-0.4.0.tgz#d257224be8393eaacbf837ef227fd8ec25b36888"
    integrity sha1-0lciS+g5PqrL+DfvIn/Y7CWzaIg=
    dependencies:
      sax "~1.1.1"
